Exception at PC 0x00007FFFB8AC9D98
Exception at PC 0x00007FFFB8AC9D98
Exception at PC 0x00007FFFB8AC9D98
Exception at PC 0x00007FFFB8AC9D98
Exception at PC 0x00007FFF52F1E132
Attemped to write at address 0x00007FFFAA404AA4
Printing stacktrace...

[0]  [0x00007FFF52F1E132]
[1]  [0x00007FFF52F1E132]
[2]  [0x00007FFF52F1E194]
[3]  [0x00007FFF52B6D0D7]
[4]  [0x00007FFF52A52BCA]
[5]  [0x00007FFF52A52FD1]
[6]  [0x00007FFF52F1EB2F]
[7]  [0x00007FFF52DDC19D]
[8]  [0x00007FFF52DD5942]
[9]  [0x00007FFF52DD5AB5]
[10] (RtlDeactivateActivationContextUnsafeFast+0x1af) [0x00007FFFBC48485F]
[11] (LdrShutdownProcess+0x12c) [0x00007FFFBC4AD43C]
[12] (RtlExitUserProcess+0xb4) [0x00007FFFBC4AD2F4]
[13] (FatalExit+0xa) [0x00007FFFBA17C0DA]
[14] (exit+0x75) [0x00007FFFBC3FA045]
[15] (initterm_e+0x21d) [0x00007FFFBC3FA68D]
[16]  [0x00000000004014CD]
[17]  [0x000000000040151B]
[18] (BaseThreadInitThunk+0x14) [0x00007FFFBA172774]
[19] (RtlUserThreadStart+0x21) [0x00007FFFBC4D0D51]
Done
