


ARM Macro Assembler    Page 1 


    1 00000000                 AREA             StringReverse, CODE, READONLY
    2 00000000                 IMPORT           main
    3 00000000                 EXPORT           start
    4 00000000         
    5 00000000         start
    6 00000000 E59F1040        LDR              R1, =strSrc
    7 00000004 E59F2040        LDR              R2, =strDst
    8 00000008 E3A04000        LDR              R4, =0
    9 0000000C         while
   10 0000000C E5D13000        LDRB             R3, [R1]
   11 00000010 E3530000        CMP              R3, #0
   12 00000014 0A000002        BEQ              endwhile
   13 00000018 E2844001        ADD              R4, R4, #1
   14 0000001C E2811001        ADD              R1, R1, #1
   15 00000020 EAFFFFF9        B                while
   16 00000024         endwhile
   17 00000024         while2
   18 00000024 E3540000        CMP              R4, #0
   19 00000028 0A000005        BEQ              endwhile2
   20 0000002C E2444001        SUB              R4, R4, #1
   21 00000030 E2411001        SUB              R1, R1, #1
   22 00000034 E5D13000        LDRB             R3, [R1]
   23 00000038 E5C23000        STRB             R3, [R2]
   24 0000003C E2822001        ADD              R2, R2, #1
   25 00000040 EAFFFFF7        B                while2
   26 00000044         endwhile2
   27 00000044 EAFFFFFE 
                       stop    B                stop
   28 00000048         
   29 00000048         
   30 00000048 00000000 
              00000000         AREA             TestData, DATA, READWRITE
   31 00000000         
   32 00000000 68 65 6C 
              6C 6F 00 strSrc  DCB              "hello",0
   33 00000006 00 00 00 
              00 00 00 
              00 00 00 
              00 00 00 
              00 00 00 
              00 00 00 
              00 00 00 
              00 00 00 
              00 00 00 
              00 00 00 
              00 00 00 
              00 00 00 
              00 00 00 
              00 00 00 
              00 00 00 
              00 00 00 
              00 00 00 
              00 00 00 
              00 00 00 
              00 00 00 
              00 00 00 
              00 00 00 
              00 00 00 
              00 00 00 



ARM Macro Assembler    Page 2 


              00 00 00 
              00 00 00 
              00 00 00 
              00 00 00 
              00 00 00 
              00 00 00 
              00 00 00 
              00 00 00 
              00 00 00 
              00 00 00 
              00 00 00 
              00 00 00 
              00 00 00 
              00 00 00 
              00 00 00 
              00 00 00 
              00 00 00 
              00 00 00 
              00 00    strDst  SPACE            128
   34 00000086         
   35 00000086                 END
Command Line: --debug --xref --apcs=interwork --depend=.\stringreverse.d -o.\st
ringreverse.o -ID:\Keil\ARM\RV31\INC -ID:\Keil\ARM\CMSIS\Include -ID:\Keil\ARM\
Inc\Philips --predefine="__EVAL SETA 1" --predefine="__MICROLIB SETA 1" --prede
fine="NO_CLOCK_SETUP SETA 1" --predefine="NO_EMC_SETUP SETA 1" --predefine="RAM
_INTVEC SETA 1" --predefine="RAM_MODE SETA 1" --predefine="REMAP SETA 1" --list
=.\stringreverse.lst StringReverse.s



ARM Macro Assembler    Page 1 Alphabetic symbol ordering
Relocatable symbols

StringReverse 00000000

Symbol: StringReverse
   Definitions
      At line 1 in file StringReverse.s
   Uses
      None
Comment: StringReverse unused
endwhile 00000024

Symbol: endwhile
   Definitions
      At line 16 in file StringReverse.s
   Uses
      At line 12 in file StringReverse.s
Comment: endwhile used once
endwhile2 00000044

Symbol: endwhile2
   Definitions
      At line 26 in file StringReverse.s
   Uses
      At line 19 in file StringReverse.s
Comment: endwhile2 used once
start 00000000

Symbol: start
   Definitions
      At line 5 in file StringReverse.s
   Uses
      At line 3 in file StringReverse.s
Comment: start used once
stop 00000044

Symbol: stop
   Definitions
      At line 27 in file StringReverse.s
   Uses
      At line 27 in file StringReverse.s
Comment: stop used once
while 0000000C

Symbol: while
   Definitions
      At line 9 in file StringReverse.s
   Uses
      At line 15 in file StringReverse.s
Comment: while used once
while2 00000024

Symbol: while2
   Definitions
      At line 17 in file StringReverse.s
   Uses
      At line 25 in file StringReverse.s
Comment: while2 used once
7 symbols



ARM Macro Assembler    Page 1 Alphabetic symbol ordering
Relocatable symbols

TestData 00000000

Symbol: TestData
   Definitions
      At line 30 in file StringReverse.s
   Uses
      None
Comment: TestData unused
strDst 00000006

Symbol: strDst
   Definitions
      At line 33 in file StringReverse.s
   Uses
      At line 7 in file StringReverse.s
Comment: strDst used once
strSrc 00000000

Symbol: strSrc
   Definitions
      At line 32 in file StringReverse.s
   Uses
      At line 6 in file StringReverse.s
Comment: strSrc used once
3 symbols



ARM Macro Assembler    Page 1 Alphabetic symbol ordering
External symbols

main 00000000

Symbol: main
   Definitions
      At line 2 in file StringReverse.s
   Uses
      None
Comment: main unused
1 symbol
350 symbols in table
