


ARM Macro Assembler    Page 1 


    1 00000000                 AREA             Divide, CODE, READONLY
    2 00000000                 IMPORT           main
    3 00000000                 EXPORT           start
    4 00000000         
    5 00000000         start
    6 00000000 E3A00000        LDR              R0, =0      ;quotient = 0
    7 00000004 E3A02010        LDR              R2, =16     ; a = 16
    8 00000008 E3A03000        LDR              R3, =0      ;  b = 0
    9 0000000C E1A01002        MOV              R1, R2      ; remainder = a
   10 00000010 E3530000        CMP              R3, #0      ;if ( b = 0 )
   11 00000014 0A000004        BEQ              endwhile    ; end
   12 00000018         while                                ;while ( remainder 
                                                            >= b )
   13 00000018 E1530001        CMP              R3, R1      ;{
   14 0000001C 2A000002        BHS              endwhile    ; 
   15 00000020 E0411003        SUB              R1, R1, R3  ; remainder = remai
                                                            nder - b
   16 00000024 E2800001        ADD              R0, R0, #1  ; quotient = quotie
                                                            nt + 1
   17 00000028 EAFFFFFA        B                while       ;}
   18 0000002C         endwhile
   19 0000002C         
   20 0000002C EAFFFFFE 
                       stop    B                stop
   21 00000030         
   22 00000030                 END
Command Line: --debug --xref --apcs=interwork --depend=.\divide.d -o.\divide.o 
-ID:\Keil\ARM\RV31\INC -ID:\Keil\ARM\CMSIS\Include -ID:\Keil\ARM\Inc\Philips --
predefine="__EVAL SETA 1" --predefine="__MICROLIB SETA 1" --predefine="NO_CLOCK
_SETUP SETA 1" --predefine="NO_EMC_SETUP SETA 1" --predefine="RAM_INTVEC SETA 1
" --predefine="RAM_MODE SETA 1" --predefine="REMAP SETA 1" --list=.\divide.lst 
Divide.s



ARM Macro Assembler    Page 1 Alphabetic symbol ordering
Relocatable symbols

Divide 00000000

Symbol: Divide
   Definitions
      At line 1 in file Divide.s
   Uses
      None
Comment: Divide unused
endwhile 0000002C

Symbol: endwhile
   Definitions
      At line 18 in file Divide.s
   Uses
      At line 11 in file Divide.s
      At line 14 in file Divide.s

start 00000000

Symbol: start
   Definitions
      At line 5 in file Divide.s
   Uses
      At line 3 in file Divide.s
Comment: start used once
stop 0000002C

Symbol: stop
   Definitions
      At line 20 in file Divide.s
   Uses
      At line 20 in file Divide.s
Comment: stop used once
while 00000018

Symbol: while
   Definitions
      At line 12 in file Divide.s
   Uses
      At line 17 in file Divide.s
Comment: while used once
5 symbols



ARM Macro Assembler    Page 1 Alphabetic symbol ordering
External symbols

main 00000000

Symbol: main
   Definitions
      At line 2 in file Divide.s
   Uses
      None
Comment: main unused
1 symbol
343 symbols in table
