


ARM Macro Assembler    Page 1 


    1 00000000                 AREA             ConsoleInput, CODE, READONLY
    2 00000000                 IMPORT           main
    3 00000000                 IMPORT           getkey
    4 00000000                 IMPORT           sendchar
    5 00000000                 EXPORT           start
    6 00000000                 PRESERVE8
    7 00000000         
    8 00000000         start
    9 00000000 E3A04000        LDR              R4, =0      ; number = 0
   10 00000004 E3A0600A        LDR              R6, =10     ; constant = 10
   11 00000008 E3A0B001        LDR              R11, =1     ; positiveNumber = 
                                                            1
   12 0000000C         read
   13 0000000C EBFFFFFE        BL               getkey      ; read key from con
                                                            sole
   14 00000010 E350000D        CMP              R0, #0x0D   ; while (key != CR)
                                                            
   15 00000014 0A000009        BEQ              endRead     ; {
   16 00000018 EBFFFFFE        BL               sendchar    ;   echo key back t
                                                            o console
   17 0000001C E350002D        CMP              R0, #0x2D   ; if ( key == "-")
   18 00000020 1A000001        BNE              positiveValue ; {
   19 00000024 E3A0B000        LDR              R11, =0     ;  positiveNumber =
                                                             0  
   20 00000028 EAFFFFF7        B                read        ;  get next key
   21 0000002C         positiveValue                        ; }
   22 0000002C E0040496        MUL              R4, R6, R4  ; number = number *
                                                             10
   23 00000030 E1A05000        MOV              R5, R0      ; singledigit = key
                                                            
   24 00000034 E2455030        SUB              R5, R5, #0x30 ; singledigit = s
                                                            ingledigit - ASCII 
                                                            character code
   25 00000038 E0844005        ADD              R4, R4, R5  ; number = number +
                                                             singledigit
   26 0000003C EAFFFFF2        B                read        ; }
   27 00000040         
   28 00000040         endRead
   29 00000040 E35B0000        CMP              R11, #0     ; if ( positiveNumb
                                                            er == 0 ) 
   30 00000044 1A000000        BNE              positiveNumber ; { 
   31 00000048 E04B4004        SUB              R4, R11, R4 ; number = 0 - numb
                                                            er
   32 0000004C         positiveNumber                       ; } 
   33 0000004C EAFFFFFE 
                       stop    B                stop
   34 00000050         
   35 00000050                 END
Command Line: --debug --xref --apcs=interwork --depend=.\consoleinput.d -o.\con
soleinput.o -ID:\Keil\ARM\RV31\INC -ID:\Keil\ARM\CMSIS\Include -ID:\Keil\ARM\In
c\Philips --predefine="__EVAL SETA 1" --predefine="__MICROLIB SETA 1" --predefi
ne="NO_CLOCK_SETUP SETA 1" --predefine="NO_EMC_SETUP SETA 1" --predefine="RAM_I
NTVEC SETA 1" --predefine="RAM_MODE SETA 1" --predefine="REMAP SETA 1" --list=.
\consoleinput.lst ConsoleInput.s



ARM Macro Assembler    Page 1 Alphabetic symbol ordering
Relocatable symbols

ConsoleInput 00000000

Symbol: ConsoleInput
   Definitions
      At line 1 in file ConsoleInput.s
   Uses
      None
Comment: ConsoleInput unused
endRead 00000040

Symbol: endRead
   Definitions
      At line 28 in file ConsoleInput.s
   Uses
      At line 15 in file ConsoleInput.s
Comment: endRead used once
positiveNumber 0000004C

Symbol: positiveNumber
   Definitions
      At line 32 in file ConsoleInput.s
   Uses
      At line 30 in file ConsoleInput.s
Comment: positiveNumber used once
positiveValue 0000002C

Symbol: positiveValue
   Definitions
      At line 21 in file ConsoleInput.s
   Uses
      At line 18 in file ConsoleInput.s
Comment: positiveValue used once
read 0000000C

Symbol: read
   Definitions
      At line 12 in file ConsoleInput.s
   Uses
      At line 20 in file ConsoleInput.s
      At line 26 in file ConsoleInput.s

start 00000000

Symbol: start
   Definitions
      At line 8 in file ConsoleInput.s
   Uses
      At line 5 in file ConsoleInput.s
Comment: start used once
stop 0000004C

Symbol: stop
   Definitions
      At line 33 in file ConsoleInput.s
   Uses
      At line 33 in file ConsoleInput.s
Comment: stop used once
7 symbols



ARM Macro Assembler    Page 1 Alphabetic symbol ordering
External symbols

getkey 00000000

Symbol: getkey
   Definitions
      At line 3 in file ConsoleInput.s
   Uses
      At line 13 in file ConsoleInput.s
Comment: getkey used once
main 00000000

Symbol: main
   Definitions
      At line 2 in file ConsoleInput.s
   Uses
      None
Comment: main unused
sendchar 00000000

Symbol: sendchar
   Definitions
      At line 4 in file ConsoleInput.s
   Uses
      At line 16 in file ConsoleInput.s
Comment: sendchar used once
3 symbols
347 symbols in table
