


ARM Macro Assembler    Page 1 


    1 00000000                 AREA             ProperCase, CODE, READONLY
    2 00000000                 IMPORT           main
    3 00000000                 EXPORT           start
    4 00000000         
    5 00000000         start
    6 00000000 E59F1068        LDR              R1, =testStr
    7 00000004 E3A00001        LDR              R0, =1
    8 00000008         while                                ; your program goes
                                                             here
    9 00000008 E5D13000        LDRB             R3, [R1]
   10 0000000C E3530000        CMP              R3, #0
   11 00000010 0A000015        BEQ              endwhile
   12 00000014 E3530020        CMP              R3, #0x20
   13 00000018 0A00000D        BEQ              space
   14 0000001C E3530041        CMP              R3, #'A'
   15 00000020 3A000006        BLO              else
   16 00000024 E353005A        CMP              R3, #'Z'
   17 00000028 8A000004        BHI              else
   18 0000002C E3500001        CMP              R0, #1
   19 00000030 0A00000A        BEQ              endif
   20 00000034 E2833020        ADD              R3, R3, #0x20
   21 00000038 E5C13000        STRB             R3, [R1]
   22 0000003C EA000007        B                endif
   23 00000040         else
   24 00000040 E3500001        CMP              R0, #1
   25 00000044 1A000005        BNE              endif
   26 00000048 E2433020        SUB              R3, R3, #0x20
   27 0000004C E5C13000        STRB             R3, [R1]
   28 00000050 EA000002        B                endif
   29 00000054         space
   30 00000054 E2811001        ADD              R1, R1, #1
   31 00000058 E3A00001        LDR              R0, =1
   32 0000005C EAFFFFE9        B                while
   33 00000060         endif
   34 00000060 E2811001        ADD              R1, R1, #1
   35 00000064 E3A00000        LDR              R0, =0
   36 00000068 EAFFFFE6        B                while
   37 0000006C         endwhile
   38 0000006C EAFFFFFE 
                       stop    B                stop
   39 00000070         
   40 00000070         
   41 00000070         
   42 00000070 00000000        AREA             TestData, DATA, READWRITE
   43 00000000         
   44 00000000 68 65 6C 
              6C 6F 20 
              57 4F 52 
              4C 44 00 testStr DCB              "hello WORLD",0
   45 0000000C         
   46 0000000C                 END
Command Line: --debug --xref --apcs=interwork --depend=.\propercase.d -o.\prope
rcase.o -ID:\Keil\ARM\RV31\INC -ID:\Keil\ARM\CMSIS\Include -ID:\Keil\ARM\Inc\Ph
ilips --predefine="__EVAL SETA 1" --predefine="__MICROLIB SETA 1" --predefine="
NO_CLOCK_SETUP SETA 1" --predefine="NO_EMC_SETUP SETA 1" --predefine="RAM_INTVE
C SETA 1" --predefine="RAM_MODE SETA 1" --predefine="REMAP SETA 1" --list=.\pro
percase.lst ProperCase.s



ARM Macro Assembler    Page 1 Alphabetic symbol ordering
Relocatable symbols

ProperCase 00000000

Symbol: ProperCase
   Definitions
      At line 1 in file ProperCase.s
   Uses
      None
Comment: ProperCase unused
else 00000040

Symbol: else
   Definitions
      At line 23 in file ProperCase.s
   Uses
      At line 15 in file ProperCase.s
      At line 17 in file ProperCase.s

endif 00000060

Symbol: endif
   Definitions
      At line 33 in file ProperCase.s
   Uses
      At line 19 in file ProperCase.s
      At line 22 in file ProperCase.s
      At line 25 in file ProperCase.s
      At line 28 in file ProperCase.s

endwhile 0000006C

Symbol: endwhile
   Definitions
      At line 37 in file ProperCase.s
   Uses
      At line 11 in file ProperCase.s
Comment: endwhile used once
space 00000054

Symbol: space
   Definitions
      At line 29 in file ProperCase.s
   Uses
      At line 13 in file ProperCase.s
Comment: space used once
start 00000000

Symbol: start
   Definitions
      At line 5 in file ProperCase.s
   Uses
      At line 3 in file ProperCase.s
Comment: start used once
stop 0000006C

Symbol: stop
   Definitions
      At line 38 in file ProperCase.s
   Uses
      At line 38 in file ProperCase.s



ARM Macro Assembler    Page 2 Alphabetic symbol ordering
Relocatable symbols

Comment: stop used once
while 00000008

Symbol: while
   Definitions
      At line 8 in file ProperCase.s
   Uses
      At line 32 in file ProperCase.s
      At line 36 in file ProperCase.s

8 symbols



ARM Macro Assembler    Page 1 Alphabetic symbol ordering
Relocatable symbols

TestData 00000000

Symbol: TestData
   Definitions
      At line 42 in file ProperCase.s
   Uses
      None
Comment: TestData unused
testStr 00000000

Symbol: testStr
   Definitions
      At line 44 in file ProperCase.s
   Uses
      At line 6 in file ProperCase.s
Comment: testStr used once
2 symbols



ARM Macro Assembler    Page 1 Alphabetic symbol ordering
External symbols

main 00000000

Symbol: main
   Definitions
      At line 2 in file ProperCase.s
   Uses
      None
Comment: main unused
1 symbol
350 symbols in table
