


ARM Macro Assembler    Page 1 


    1 00000000                 AREA             AsmTemplate, CODE, READONLY
    2 00000000                 IMPORT           main
    3 00000000         
    4 00000000         
    5 00000000         ;F   E    d   C   B   A   9   8   7  6   5   4   3   2  
                        1  0 
    6 00000000 00007100 
              00007900 
              00005E00 
              00003900 
              00007C00 
              00007700 
              00006F00 
              00007F00 
              00000700 
              00007D00 
              00006D00 
              00006600 
              00004F00 
              00005B00 
              00000600 
              00003F00 DISPLAY DCD              0x7100,  0x7900,  0x5E00,  0x39
00,  0x7C00,  0x7700,  0x6F00,  0x7F00,  0x0700, 0x7D00,  0x6D00,  0x6600,  0x4
F00,  0x5B00,  0x0600, 0x3F00
    7 00000040 00007100 
              00017100 
              00015600 
              00013100 
              00017400 
              00007700 
              00016700 
              00017700 
              00000700 
              00017500 
              00016500 
              00006600 
              00014700 
              00015300 
              00000600 
              00013700 DISPLAY_11
                               DCD              0x7100,  0x17100, 0x15600, 0x13
100, 0x17400, 0x7700,  0x16700, 0x17700, 0x0700, 0x17500, 0x16500, 0x6600,  0x1
4700, 0x15300, 0x0600, 0x13700
    8 00000080 00023100 
              00033100 
              00031600 
              00013100 
              00033400 
              00023700 
              00032700 
              00033700 
              00000700 
              00033500 
              00032500 
              00022600 
              00030700 
              00031300 
              00000600 
              00013700 DISPLAY_11_14



ARM Macro Assembler    Page 2 


                               DCD              0x23100, 0x33100, 0x31600, 0x13
100, 0x33400, 0x23700, 0x32700, 0x33700, 0x0700, 0x33500, 0x32500, 0x22600, 0x3
0700, 0x31300, 0x0600, 0x13700
    9 000000C0                 EXPORT           start
   10 000000C0         start
   11 000000C0         
   12 000000C0 E0028008 
                       IO0DIR  EQU              0xE0028008
   13 000000C0 E0028004 
                       IO0SET  EQU              0xE0028004
   14 000000C0 E002800C 
                       IO0CLR  EQU              0xE002800C
   15 000000C0         
   16 000000C0 E0028010 
                       IO1PIN  EQU              0xE0028010
   17 000000C0 E0028018 
                       IO1DIR  EQU              0xE0028018
   18 000000C0 E0028014 
                       IO1SET  EQU              0xE0028014
   19 000000C0 E002801C 
                       IO1CLR  EQU              0xE002801C
   20 000000C0         
   21 000000C0         
   22 000000C0 E59F1104        ldr              r1,=IO0DIR
   23 000000C4         ;ldr r2, =0xff00 ; select P0.08--P.0.15
   24 000000C4         ;ldr r2,=0x0001f700 ;select P0.08--P0.10 U P0.12--P0.16 
                        P0.11 is skipped because it has dimmer light.
   25 000000C4 E59F2104        ldr              r2, =0x3b700 ;select P0.08--P0.
                                                            10 U P0.12--P0.13 U
                                                             P0.15--P.017, P0.1
                                                            1 and P0.14 are ski
                                                            pped because the li
                                                            ght is dimmer.
   26 000000C8 E5812000        str              r2,[r1]     ;make them outputs
   27 000000CC E59F1100        ldr              r1,=IO0SET
   28 000000D0 E5812000        str              r2,[r1]     ;turn all the light
                                                            s
   29 000000D4 E59F20FC        ldr              r2,=IO0CLR
   30 000000D8 E59F30F0        ldr              r3,=0x3b700
   31 000000DC E5823000        str              r3,[r2]     ;clear all the ligh
                                                            ts
   32 000000E0 E59F30F4        ldr              r3, =IO1DIR
   33 000000E4 E3A04000        ldr              r4, =0x00000000 ; select pin P1
                                                            .20 -- P1.23 as inp
                                                            ut
   34 000000E8 E5834000        str              r4, [r3]
   35 000000EC E59F80EC        ldr              r8, =IO1PIN
   36 000000F0 E59F40EC        ldr              r4,=DISPLAY_11_14
   37 000000F4         ; r1 points to the SET register
   38 000000F4         ; r2 points to the CLEAR register
   39 000000F4         
   40 000000F4         
   41 000000F4 E3A05000        ldr              r5,=0       ; offset
   42 000000F8         floop
   43 000000F8 E7943005        ldr              r3, [r4, r5] ; load bit pattern
                                                            
   44 000000FC E5813000        str              r3,[r1]     ; set bit to 1 --->
                                                             turn off the LED
   45 00000100         



ARM Macro Assembler    Page 3 


   46 00000100         
   47 00000100 E59F60E0        ldr              r6, =10000000
   48 00000104         dloop
   49 00000104 E2466001        sub              r6, r6, #1
   50 00000108 E3560000        cmp              r6, #0
   51 0000010C 1AFFFFFC        bne              dloop
   52 00000110         
   53 00000110         
   54 00000110 E5987000        ldr              r7, [r8]
   55 00000114 E207760F        and              r7, r7, #0x00f00000
   56 00000118 E227760F        eor              r7, r7, #0x00f00000
   57 0000011C E357060F        cmp              r7, #0x00F00000
   58 00000120 0A000022        beq              increment
   59 00000124 E3570607        cmp              r7, #0x00700000
   60 00000128 0A000020        beq              increment
   61 0000012C E357060E        cmp              r7, #0x00E00000
   62 00000130 0A00001E        beq              increment
   63 00000134 E357060D        cmp              r7, #0x00D00000
   64 00000138 0A00001C        beq              increment
   65 0000013C E357060B        cmp              r7, #0x00B00000
   66 00000140 0A00001A        beq              increment
   67 00000144 E3570000        cmp              r7, #0x00000000
   68 00000148 0A00001C        beq              clearbit
   69 0000014C E3570601        cmp              r7, #0x00100000
   70 00000150 0A000011        beq              decrement
   71 00000154 E3570602        cmp              r7, #0x00200000
   72 00000158 0A00000F        beq              decrement
   73 0000015C E3570501        cmp              r7, #0x00400000
   74 00000160 0A00000D        beq              decrement
   75 00000164 E3570502        cmp              r7, #0x00800000
   76 00000168 0A00000B        beq              decrement
   77 0000016C E3570603        cmp              r7, #0x00300000
   78 00000170 0A000009        beq              decrement
   79 00000174 E3570605        cmp              r7, #0x00500000
   80 00000178 0A000007        beq              decrement
   81 0000017C E3570609        cmp              r7, #0x00900000
   82 00000180 0A000005        beq              decrement
   83 00000184 E3570606        cmp              r7, #0x00600000
   84 00000188 0A000003        beq              decrement
   85 0000018C E357060A        cmp              r7, #0x00A00000
   86 00000190 0A000001        beq              decrement
   87 00000194 E3570503        cmp              r7, #0x00C00000
   88 00000198 0AFFFFFF        beq              decrement
   89 0000019C         
   90 0000019C         
   91 0000019C         
   92 0000019C         
   93 0000019C         
   94 0000019C         decrement
   95 0000019C E2855004        add              r5, r5, #4
   96 000001A0 E355003C        cmp              r5, #60
   97 000001A4 9A000005        bls              clearbit
   98 000001A8 E3A05000        ldr              r5, =0
   99 000001AC EA000003        b                clearbit
  100 000001B0         
  101 000001B0         increment
  102 000001B0 E2455004        sub              r5, r5, #4
  103 000001B4 E3550000        cmp              r5, #0
  104 000001B8 AA000000        bge              clearbit



ARM Macro Assembler    Page 4 


  105 000001BC E3A0503C        ldr              r5, =60
  106 000001C0         
  107 000001C0         clearbit
  108 000001C0 E5823000        str              r3,[r2]     ; set bit to 1 --->
                                                             turn on the LED
  109 000001C4         
  110 000001C4 EAFFFFCB        b                floop
  111 000001C8         
  112 000001C8 EAFFFFFE 
                       stop    B                stop
  113 000001CC                 END
              E0028008 
              0003B700 
              E0028004 
              E002800C 
              E0028018 
              E0028010 
              00000000 
              00989680 
Command Line: --debug --xref --diag_suppress=9931 --apcs=interwork --depend=.\a
pp.d -o.\app.o -IC:\Keil_v5\ARM\RV31\INC -IC:\Keil_v5\ARM\CMSIS\Include -IC:\Ke
il_v5\ARM\Inc\Philips --predefine="__EVAL SETA 1" --predefine="__MICROLIB SETA 
1" --predefine="__UVISION_VERSION SETA 516" --list=.\listings\app.lst App.s



ARM Macro Assembler    Page 1 Alphabetic symbol ordering
Relocatable symbols

AsmTemplate 00000000

Symbol: AsmTemplate
   Definitions
      At line 1 in file App.s
   Uses
      None
Comment: AsmTemplate unused
DISPLAY 00000000

Symbol: DISPLAY
   Definitions
      At line 6 in file App.s
   Uses
      None
Comment: DISPLAY unused
DISPLAY_11 00000040

Symbol: DISPLAY_11
   Definitions
      At line 7 in file App.s
   Uses
      None
Comment: DISPLAY_11 unused
DISPLAY_11_14 00000080

Symbol: DISPLAY_11_14
   Definitions
      At line 8 in file App.s
   Uses
      At line 36 in file App.s
Comment: DISPLAY_11_14 used once
clearbit 000001C0

Symbol: clearbit
   Definitions
      At line 107 in file App.s
   Uses
      At line 68 in file App.s
      At line 97 in file App.s
      At line 99 in file App.s
      At line 104 in file App.s

decrement 0000019C

Symbol: decrement
   Definitions
      At line 94 in file App.s
   Uses
      At line 70 in file App.s
      At line 72 in file App.s
      At line 74 in file App.s
      At line 76 in file App.s
      At line 78 in file App.s
      At line 80 in file App.s
      At line 82 in file App.s
      At line 84 in file App.s
      At line 86 in file App.s
      At line 88 in file App.s



ARM Macro Assembler    Page 2 Alphabetic symbol ordering
Relocatable symbols


dloop 00000104

Symbol: dloop
   Definitions
      At line 48 in file App.s
   Uses
      At line 51 in file App.s
Comment: dloop used once
floop 000000F8

Symbol: floop
   Definitions
      At line 42 in file App.s
   Uses
      At line 110 in file App.s
Comment: floop used once
increment 000001B0

Symbol: increment
   Definitions
      At line 101 in file App.s
   Uses
      At line 58 in file App.s
      At line 60 in file App.s
      At line 62 in file App.s
      At line 64 in file App.s
      At line 66 in file App.s

start 000000C0

Symbol: start
   Definitions
      At line 10 in file App.s
   Uses
      At line 9 in file App.s
Comment: start used once
stop 000001C8

Symbol: stop
   Definitions
      At line 112 in file App.s
   Uses
      At line 112 in file App.s
Comment: stop used once
11 symbols



ARM Macro Assembler    Page 1 Alphabetic symbol ordering
Absolute symbols

IO0CLR E002800C

Symbol: IO0CLR
   Definitions
      At line 14 in file App.s
   Uses
      At line 29 in file App.s
Comment: IO0CLR used once
IO0DIR E0028008

Symbol: IO0DIR
   Definitions
      At line 12 in file App.s
   Uses
      At line 22 in file App.s
Comment: IO0DIR used once
IO0SET E0028004

Symbol: IO0SET
   Definitions
      At line 13 in file App.s
   Uses
      At line 27 in file App.s
Comment: IO0SET used once
IO1CLR E002801C

Symbol: IO1CLR
   Definitions
      At line 19 in file App.s
   Uses
      None
Comment: IO1CLR unused
IO1DIR E0028018

Symbol: IO1DIR
   Definitions
      At line 17 in file App.s
   Uses
      At line 32 in file App.s
Comment: IO1DIR used once
IO1PIN E0028010

Symbol: IO1PIN
   Definitions
      At line 16 in file App.s
   Uses
      At line 35 in file App.s
Comment: IO1PIN used once
IO1SET E0028014

Symbol: IO1SET
   Definitions
      At line 18 in file App.s
   Uses
      None
Comment: IO1SET unused
7 symbols



ARM Macro Assembler    Page 1 Alphabetic symbol ordering
External symbols

main 00000000

Symbol: main
   Definitions
      At line 2 in file App.s
   Uses
      None
Comment: main unused
1 symbol
354 symbols in table
