


ARM Macro Assembler    Page 1 


    1 00000000                 AREA             AsmTemplate, CODE, READONLY
    2 00000000                 IMPORT           main
    3 00000000         
    4 00000000         
    5 00000000         ;F   E    d   C   B   A   9   8   7  6   5   4   3   2  
                        1  0 
    6 00000000 00007100 
              00007900 
              00005E00 
              00003900 
              00007C00 
              00007700 
              00006F00 
              00007F00 
              00000700 
              00007D00 
              00006D00 
              00006600 
              00004F00 
              00005B00 
              00000600 
              00003F00 DISPLAY DCD              0x7100,  0x7900,  0x5E00,  0x39
00,  0x7C00,  0x7700,  0x6F00,  0x7F00,  0x0700, 0x7D00,  0x6D00,  0x6600,  0x4
F00,  0x5B00,  0x0600, 0x3F00
    7 00000040 00007100 
              00017100 
              00015600 
              00013100 
              00017400 
              00007700 
              00016700 
              00017700 
              00000700 
              00017500 
              00016500 
              00006600 
              00014700 
              00015300 
              00000600 
              00013700 DISPLAY_11
                               DCD              0x7100,  0x17100, 0x15600, 0x13
100, 0x17400, 0x7700,  0x16700, 0x17700, 0x0700, 0x17500, 0x16500, 0x6600,  0x1
4700, 0x15300, 0x0600, 0x13700
    8 00000080 00023100 
              00033100 
              00031600 
              00013100 
              00033400 
              00023700 
              00032700 
              00033700 
              00000700 
              00033500 
              00032500 
              00022600 
              00030700 
              00031300 
              00000600 
              00013700 DISPLAY_11_14



ARM Macro Assembler    Page 2 


                               DCD              0x23100, 0x33100, 0x31600, 0x13
100, 0x33400, 0x23700, 0x32700, 0x33700, 0x0700, 0x33500, 0x32500, 0x22600, 0x3
0700, 0x31300, 0x0600, 0x13700
    9 000000C0                 EXPORT           start
   10 000000C0         start
   11 000000C0         
   12 000000C0 E0028008 
                       IO0DIR  EQU              0xE0028008
   13 000000C0 E0028004 
                       IO0SET  EQU              0xE0028004
   14 000000C0 E002800C 
                       IO0CLR  EQU              0xE002800C
   15 000000C0         
   16 000000C0 E59F1050        ldr              r1,=IO0DIR
   17 000000C4         ;ldr r2, =0xff00 ; select P0.08--P.0.15
   18 000000C4         ;ldr r2,=0x0001f700 ;select P0.08--P0.10 U P0.12--P0.16 
                        P0.11 is skipped because it has dimmer light.
   19 000000C4 E59F2050        ldr              r2, =0x3b700 ;select P0.08--P0.
                                                            10 U P0.12--P0.13 U
                                                             P0.15--P.017, P0.1
                                                            1 and P0.14 are ski
                                                            pped because the li
                                                            ght is dimmer.
   20 000000C8 E5812000        str              r2,[r1]     ;make them outputs
   21 000000CC E59F104C        ldr              r1,=IO0SET
   22 000000D0 E5812000        str              r2,[r1]     ;turn all the light
                                                            s
   23 000000D4 E59F2048        ldr              r2,=IO0CLR
   24 000000D8 E59F3048        ldr              r3,=0x3f700
   25 000000DC E5823000        str              r3,[r2]     ;clear all the ligh
                                                            ts
   26 000000E0 E59F4044        ldr              r4,=DISPLAY_11_14
   27 000000E4         ; r1 points to the SET register
   28 000000E4         ; r2 points to the CLEAR register
   29 000000E4         
   30 000000E4         
   31 000000E4 E3A05000 
                       wloop   ldr              r5,=0       ; offset
   32 000000E8         floop
   33 000000E8 E7943005        ldr              r3, [r4, r5] ; load bit pattern
                                                            
   34 000000EC E5813000        str              r3,[r1]     ; set bit to 1 --->
                                                             turn off the LED
   35 000000F0         
   36 000000F0 E59F6038        ldr              r6,=10000000
   37 000000F4 E2466001 
                       dloop   sub              r6,r6,#1
   38 000000F8 E3560000        cmp              r6, #0
   39 000000FC 1AFFFFFC        bne              dloop
   40 00000100         
   41 00000100 E5823000        str              r3,[r2]     ; set bit to 1 --->
                                                             turn on the LED
   42 00000104 E2855004        add              r5,r5,#4
   43 00000108 E355003C        cmp              r5, #60
   44 0000010C 8AFFFFF4        bhi              wloop
   45 00000110 EAFFFFF4        b                floop
   46 00000114         
   47 00000114 EAFFFFFE 
                       stop    B                stop



ARM Macro Assembler    Page 3 


   48 00000118                 END
              E0028008 
              0003B700 
              E0028004 
              E002800C 
              0003F700 
              00000000 
              00989680 
Command Line: --debug --xref --diag_suppress=9931 --apcs=interwork --depend=.\a
pp.d -o.\app.o -IC:\Keil_v5\ARM\RV31\INC -IC:\Keil_v5\ARM\CMSIS\Include -IC:\Ke
il_v5\ARM\Inc\Philips --predefine="__EVAL SETA 1" --predefine="__MICROLIB SETA 
1" --predefine="__UVISION_VERSION SETA 516" --list=.\listings\app.lst App.s



ARM Macro Assembler    Page 1 Alphabetic symbol ordering
Relocatable symbols

AsmTemplate 00000000

Symbol: AsmTemplate
   Definitions
      At line 1 in file App.s
   Uses
      None
Comment: AsmTemplate unused
DISPLAY 00000000

Symbol: DISPLAY
   Definitions
      At line 6 in file App.s
   Uses
      None
Comment: DISPLAY unused
DISPLAY_11 00000040

Symbol: DISPLAY_11
   Definitions
      At line 7 in file App.s
   Uses
      None
Comment: DISPLAY_11 unused
DISPLAY_11_14 00000080

Symbol: DISPLAY_11_14
   Definitions
      At line 8 in file App.s
   Uses
      At line 26 in file App.s
Comment: DISPLAY_11_14 used once
dloop 000000F4

Symbol: dloop
   Definitions
      At line 37 in file App.s
   Uses
      At line 39 in file App.s
Comment: dloop used once
floop 000000E8

Symbol: floop
   Definitions
      At line 32 in file App.s
   Uses
      At line 45 in file App.s
Comment: floop used once
start 000000C0

Symbol: start
   Definitions
      At line 10 in file App.s
   Uses
      At line 9 in file App.s
Comment: start used once
stop 00000114

Symbol: stop



ARM Macro Assembler    Page 2 Alphabetic symbol ordering
Relocatable symbols

   Definitions
      At line 47 in file App.s
   Uses
      At line 47 in file App.s
Comment: stop used once
wloop 000000E4

Symbol: wloop
   Definitions
      At line 31 in file App.s
   Uses
      At line 44 in file App.s
Comment: wloop used once
9 symbols



ARM Macro Assembler    Page 1 Alphabetic symbol ordering
Absolute symbols

IO0CLR E002800C

Symbol: IO0CLR
   Definitions
      At line 14 in file App.s
   Uses
      At line 23 in file App.s
Comment: IO0CLR used once
IO0DIR E0028008

Symbol: IO0DIR
   Definitions
      At line 12 in file App.s
   Uses
      At line 16 in file App.s
Comment: IO0DIR used once
IO0SET E0028004

Symbol: IO0SET
   Definitions
      At line 13 in file App.s
   Uses
      At line 21 in file App.s
Comment: IO0SET used once
3 symbols



ARM Macro Assembler    Page 1 Alphabetic symbol ordering
External symbols

main 00000000

Symbol: main
   Definitions
      At line 2 in file App.s
   Uses
      None
Comment: main unused
1 symbol
348 symbols in table
