


ARM Macro Assembler    Page 1 


    1 00000000                 AREA             CLZ, CODE, READONLY
    2 00000000                 IMPORT           main
    3 00000000                 EXPORT           start
    4 00000000         
    5 00000000         start
    6 00000000         
    7 00000000         ; install the start address of your exception handler
    8 00000000         ; in the exception vector lookup table
    9 00000000 E3A04191        ldr              r4, =0x40000024
   10 00000004 E59F5064        ldr              r5, =UndefHandler
   11 00000008 E5845000        str              r5, [r4]
   12 0000000C         
   13 0000000C E59F6060        ldr              r6, =0x00050003
   14 00000010 77FFF716        DCD              0x77FFF716
   15 00000014         ; write a program to test your exception handler
   16 00000014         
   17 00000014         
   18 00000014 EAFFFFFE 
                       stop    B                stop
   19 00000018         
   20 00000018         
   21 00000018         ; write your exception handler
   22 00000018         UndefHandler
   23 00000018 E92D5FFF        STMFD            sp!, {r0-r12,lr}
   24 0000001C E51E4004        ldr              r4, [lr, #-4]
   25 00000020 E2046C0F        bic              r6, r4, #0xFFFFF0FF
   26 00000024 E1A06426        mov              r6, r6, LSR #8
   27 00000028 E204580F        bic              r5, r4, #0xFFF0FFFF
   28 0000002C E335080F        teq              r5, #0x000F0000
   29 00000030 1A000003        BNE              endif1
   30 00000034         
   31 00000034 E204500F        bic              r5, r4, #0xFFFFFFF0
   32 00000038 E79D1105        ldr              r1, [sp, r5, LSL #2]
   33 0000003C         
   34 0000003C EB000001        BL               clzSubroutine
   35 00000040         
   36 00000040 E78D0106        str              r0, [sp, r6, LSL #2]
   37 00000044         endif1
   38 00000044 E8FD9FFF        LDMFD            sp!, {r0-r12,PC}^
   39 00000048         
   40 00000048         clzSubroutine
   41 00000048 E92D4000        STMFD            sp!, {lr}
   42 0000004C E3A02102        mov              r2, #0x80000000
   43 00000050 E3A00000        mov              r0, #0
   44 00000054         subroutineloop
   45 00000054 E0013002        and              r3, r1, r2
   46 00000058 E3530000        cmp              r3, #0
   47 0000005C 1A000002        bne              endSubroutine
   48 00000060 E2800001        add              r0, r0, #1
   49 00000064 E1A020A2        mov              r2, r2, lsr #1
   50 00000068 EAFFFFF9        b                subroutineloop
   51 0000006C         endSubroutine
   52 0000006C E8BD8000        LDMFD            sp!, {PC}
   53 00000070         
   54 00000070         
   55 00000070                 END
              00000000 
              00050003 
Command Line: --debug --xref --apcs=interwork --depend=.\clz.d -o.\clz.o -ID:\K



ARM Macro Assembler    Page 2 


eil\ARM\RV31\INC -ID:\Keil\ARM\CMSIS\Include -ID:\Keil\ARM\Inc\Philips --predef
ine="__EVAL SETA 1" --predefine="__MICROLIB SETA 1" --predefine="NO_CLOCK_SETUP
 SETA 1" --predefine="NO_EMC_SETUP SETA 1" --predefine="RAM_INTVEC SETA 1" --pr
edefine="RAM_MODE SETA 1" --predefine="REMAP SETA 1" --list=.\clz.lst CLZ.s



ARM Macro Assembler    Page 1 Alphabetic symbol ordering
Relocatable symbols

CLZ 00000000

Symbol: CLZ
   Definitions
      At line 1 in file CLZ.s
   Uses
      None
Comment: CLZ unused
UndefHandler 00000018

Symbol: UndefHandler
   Definitions
      At line 22 in file CLZ.s
   Uses
      At line 10 in file CLZ.s
Comment: UndefHandler used once
clzSubroutine 00000048

Symbol: clzSubroutine
   Definitions
      At line 40 in file CLZ.s
   Uses
      At line 34 in file CLZ.s
Comment: clzSubroutine used once
endSubroutine 0000006C

Symbol: endSubroutine
   Definitions
      At line 51 in file CLZ.s
   Uses
      At line 47 in file CLZ.s
Comment: endSubroutine used once
endif1 00000044

Symbol: endif1
   Definitions
      At line 37 in file CLZ.s
   Uses
      At line 29 in file CLZ.s
Comment: endif1 used once
start 00000000

Symbol: start
   Definitions
      At line 5 in file CLZ.s
   Uses
      At line 3 in file CLZ.s
Comment: start used once
stop 00000014

Symbol: stop
   Definitions
      At line 18 in file CLZ.s
   Uses
      At line 18 in file CLZ.s
Comment: stop used once
subroutineloop 00000054

Symbol: subroutineloop



ARM Macro Assembler    Page 2 Alphabetic symbol ordering
Relocatable symbols

   Definitions
      At line 44 in file CLZ.s
   Uses
      At line 50 in file CLZ.s
Comment: subroutineloop used once
8 symbols



ARM Macro Assembler    Page 1 Alphabetic symbol ordering
External symbols

main 00000000

Symbol: main
   Definitions
      At line 2 in file CLZ.s
   Uses
      None
Comment: main unused
1 symbol
348 symbols in table
