


ARM Macro Assembler    Page 1 


    1 00000000                 AREA             StackReverse, CODE, READONLY
    2 00000000                 IMPORT           main
    3 00000000                 EXPORT           start
    4 00000000         
    5 00000000         start
    6 00000000         
    7 00000000 E59F5038        LDR              R5, =string ; load string start
                                                            ing address in R5
    8 00000004 E3A01000        LDR              R1, =0      ; counter = 0
    9 00000008         while1                               ; while( !null_term
                                                            inated_string) 
   10 00000008 E4D50001        LDRB             R0, [R5], #1 ; { R0 = load byte
                                                             from string addres
                                                            s and increment add
                                                            ress by 1
   11 0000000C E3500000        CMP              R0, #0      ; 
   12 00000010 0A000002        BEQ              endString   ;
   13 00000014 E56D0001        STRB             R0, [SP, #-1]! ; (decrement bef
                                                            ore) stack pointer 
                                                            = store R0
   14 00000018 E2811001        ADD              R1, R1, #1  ; counter = counter
                                                             + 1
   15 0000001C EAFFFFF9        B                while1      ; } 
   16 00000020         endString                            ;
   17 00000020 E59F5018        LDR              R5, =string ; load string start
                                                            ing address in R5
   18 00000024         while2                               ; while ( counter >
                                                            0 ) 
   19 00000024 E3510000        CMP              R1, #0      ; {
   20 00000028 DA000003        BLE              endReverse  ;  
   21 0000002C E2411001        ADD              R1, R1, #-1 ; counter = counter
                                                             - 1
   22 00000030 E4DD0001        LDRB             R0, [SP], #1 ; R0  = load byte 
                                                            from stack pointer 
                                                            ( increment after )
                                                             
   23 00000034 E4C50001        STRB             R0, [R5], #1 ; (increment after
                                                             ) string address =
                                                             store R0
   24 00000038 EAFFFFF9        B                while2      ; }
   25 0000003C         endReverse
   26 0000003C         
   27 0000003C         
   28 0000003C         
   29 0000003C EAFFFFFE 
                       stop    B                stop
   30 00000040         
   31 00000040         
   32 00000040 00000000 
              00000000         AREA             TestString, DATA, READWRITE
   33 00000000         
   34 00000000 61 62 63 
              64 65 66 string  DCB              "abcdef"
   35 00000006         
   36 00000006                 END
Command Line: --debug --xref --apcs=interwork --depend=.\stackreverse.d -o.\sta
ckreverse.o -ID:\Keil\ARM\RV31\INC -ID:\Keil\ARM\CMSIS\Include -ID:\Keil\ARM\In
c\Philips --predefine="__EVAL SETA 1" --predefine="__MICROLIB SETA 1" --predefi
ne="NO_CLOCK_SETUP SETA 1" --predefine="NO_EMC_SETUP SETA 1" --predefine="RAM_I



ARM Macro Assembler    Page 2 


NTVEC SETA 1" --predefine="RAM_MODE SETA 1" --predefine="REMAP SETA 1" --list=.
\stackreverse.lst StackReverse.s



ARM Macro Assembler    Page 1 Alphabetic symbol ordering
Relocatable symbols

StackReverse 00000000

Symbol: StackReverse
   Definitions
      At line 1 in file StackReverse.s
   Uses
      None
Comment: StackReverse unused
endReverse 0000003C

Symbol: endReverse
   Definitions
      At line 25 in file StackReverse.s
   Uses
      At line 20 in file StackReverse.s
Comment: endReverse used once
endString 00000020

Symbol: endString
   Definitions
      At line 16 in file StackReverse.s
   Uses
      At line 12 in file StackReverse.s
Comment: endString used once
start 00000000

Symbol: start
   Definitions
      At line 5 in file StackReverse.s
   Uses
      At line 3 in file StackReverse.s
Comment: start used once
stop 0000003C

Symbol: stop
   Definitions
      At line 29 in file StackReverse.s
   Uses
      At line 29 in file StackReverse.s
Comment: stop used once
while1 00000008

Symbol: while1
   Definitions
      At line 9 in file StackReverse.s
   Uses
      At line 15 in file StackReverse.s
Comment: while1 used once
while2 00000024

Symbol: while2
   Definitions
      At line 18 in file StackReverse.s
   Uses
      At line 24 in file StackReverse.s
Comment: while2 used once
7 symbols



ARM Macro Assembler    Page 1 Alphabetic symbol ordering
Relocatable symbols

TestString 00000000

Symbol: TestString
   Definitions
      At line 32 in file StackReverse.s
   Uses
      None
Comment: TestString unused
string 00000000

Symbol: string
   Definitions
      At line 34 in file StackReverse.s
   Uses
      At line 7 in file StackReverse.s
      At line 17 in file StackReverse.s

2 symbols



ARM Macro Assembler    Page 1 Alphabetic symbol ordering
External symbols

main 00000000

Symbol: main
   Definitions
      At line 2 in file StackReverse.s
   Uses
      None
Comment: main unused
1 symbol
349 symbols in table
