


ARM Macro Assembler    Page 1 


    1 00000000                 AREA             ShiftAndAdd, CODE, READONLY
    2 00000000                 IMPORT           main
    3 00000000                 EXPORT           start
    4 00000000         
    5 00000000         start
    6 00000000 E3A00000        LDR              R0, =0      ; total = 0
    7 00000004 E3A0100C        LDR              R1, =12     ; a = 12
    8 00000008 E3A02015        LDR              R2, =21     ; b = 21
    9 0000000C E3A03001        LDR              R3, =1      ; least significant
                                                             bit mask = 1
   10 00000010 E3A04000        LDR              R4, =0      ; x = number of shi
                                                            ft count
   11 00000014 E3A06000        LDR              R6, =0      ; a shifted left = 
                                                            0
   12 00000018         while                                ; while ( b != 0 )
   13 00000018 E3520000        CMP              R2, #0      ; {
   14 0000001C 0A000007        BEQ              endwhile    ; 
   15 00000020 E0025003        AND              R5, R2, R3  ;  least significan
                                                            t bit = AND( b, mas
                                                            k )
   16 00000024 E3550000        CMP              R5, #0      ;  if ( least signi
                                                            ficant bit == 1 )
   17 00000028 0A000001        BEQ              else        ;  {
   18 0000002C E1A06411        MOV              R6, R1, LSL R4 ;  a shifted lef
                                                            t = shift a left x 
                                                            times
   19 00000030 E0800006        ADD              R0, R0, R6  ;  total += a shift
                                                            ed left
   20 00000034         else                                 ;  }
   21 00000034 E2844001        ADD              R4, R4, #1  ;  x += 1
   22 00000038 E1A020A2        MOV              R2, R2, LSR #1 ;  b = b shifted
                                                             right 1 time
   23 0000003C EAFFFFF5        B                while       ; }
   24 00000040         endwhile
   25 00000040         
   26 00000040         
   27 00000040 EAFFFFFE 
                       stop    B                stop
   28 00000044         
   29 00000044         
   30 00000044                 END
Command Line: --debug --xref --apcs=interwork --depend=.\shiftandadd.d -o.\shif
tandadd.o -IC:\Keil\ARM\RV31\INC -IC:\Keil\ARM\CMSIS\Include -IC:\Keil\ARM\Inc\
Philips --predefine="__EVAL SETA 1" --predefine="__MICROLIB SETA 1" --predefine
="NO_CLOCK_SETUP SETA 1" --predefine="NO_EMC_SETUP SETA 1" --predefine="RAM_INT
VEC SETA 1" --predefine="RAM_MODE SETA 1" --predefine="REMAP SETA 1" --list=.\s
hiftandadd.lst ShiftAndAdd.s



ARM Macro Assembler    Page 1 Alphabetic symbol ordering
Relocatable symbols

ShiftAndAdd 00000000

Symbol: ShiftAndAdd
   Definitions
      At line 1 in file ShiftAndAdd.s
   Uses
      None
Comment: ShiftAndAdd unused
else 00000034

Symbol: else
   Definitions
      At line 20 in file ShiftAndAdd.s
   Uses
      At line 17 in file ShiftAndAdd.s
Comment: else used once
endwhile 00000040

Symbol: endwhile
   Definitions
      At line 24 in file ShiftAndAdd.s
   Uses
      At line 14 in file ShiftAndAdd.s
Comment: endwhile used once
start 00000000

Symbol: start
   Definitions
      At line 5 in file ShiftAndAdd.s
   Uses
      At line 3 in file ShiftAndAdd.s
Comment: start used once
stop 00000040

Symbol: stop
   Definitions
      At line 27 in file ShiftAndAdd.s
   Uses
      At line 27 in file ShiftAndAdd.s
Comment: stop used once
while 00000018

Symbol: while
   Definitions
      At line 12 in file ShiftAndAdd.s
   Uses
      At line 23 in file ShiftAndAdd.s
Comment: while used once
6 symbols



ARM Macro Assembler    Page 1 Alphabetic symbol ordering
External symbols

main 00000000

Symbol: main
   Definitions
      At line 2 in file ShiftAndAdd.s
   Uses
      None
Comment: main unused
1 symbol
344 symbols in table
