


ARM Macro Assembler    Page 1 


    1 00000000                 AREA             Unique, CODE, READONLY
    2 00000000                 IMPORT           main
    3 00000000                 EXPORT           start
    4 00000000         
    5 00000000         start
    6 00000000 E3A00002        LDR              R0, =2      ; Unique values = t
                                                            bd
    7 00000004 E59F1054        LDR              R1, =VALUES ; address1 = addres
                                                            s of first value fr
                                                            om set
    8 00000008 E59F2054        LDR              R2, =COUNT  ; R2 = address of c
                                                            ount
    9 0000000C E5922000        LDR              R2, [R2]    ; count1 = loading 
                                                            count from address
   10 00000010         loop                                 ; while ( count1 > 
                                                            0 )
   11 00000010 E1A04001        MOV              R4, R1      ; {  address2 = add
                                                            ress of first value
                                                             from set
   12 00000014 E1A06002        MOV              R6, R2      ;   count2 = count1
                                                            
   13 00000018 E5913000        LDR              R3, [R1]    ;    value1 = load 
                                                            value from address1
                                                            
   14 0000001C E3520000        CMP              R2, #0      ;  
   15 00000020 0A00000C        BEQ              endloopgoodending ; 
   16 00000024         loop2                                ;  while ( count2 >
                                                             0 )
   17 00000024 E2466001        SUB              R6, R6, #1  ;  { count2 = count
                                                            2 - 1
   18 00000028 E2844004        ADD              R4, R4, #4  ;   address2 = addr
                                                            ess2 + 4 ( next wor
                                                            d size value ) 
   19 0000002C E5945000        LDR              R5, [R4]    ;   value2 = load v
                                                            alue from address2
   20 00000030 E1530005        CMP              R3, R5      ;   if ( value1 == 
                                                            value2 ) 
   21 00000034 0A000005        BEQ              endloopbadending ;    break fro
                                                            m loop 1 & 2
   22 00000038 E3560000        CMP              R6, #0      ;   
   23 0000003C 0A000000        BEQ              endloop2    ;
   24 00000040 EAFFFFF7        B                loop2       ;  }
   25 00000044         endloop2                             ;
   26 00000044 E2422001        SUB              R2, R2, #1  ;  count1 = count1 
                                                            - 1
   27 00000048 E2811004        ADD              R1, R1, #4  ;  address1 = addre
                                                            ss1 + 4 ( next word
                                                             size value )
   28 0000004C EAFFFFEF        B                loop        ; }
   29 00000050         endloopbadending                     ; if ( (value1==val
                                                            ue2) )
   30 00000050 E3A00001        LDR              R0, =1      ; Unique values = f
                                                            alse 
   31 00000054 EA000000        B                end         ; 
   32 00000058         endloopgoodending                    ; else
   33 00000058 E3A00000        LDR              R0, =0      ; Unique values = t
                                                            rue
   34 0000005C         end
   35 0000005C         



ARM Macro Assembler    Page 2 


   36 0000005C         
   37 0000005C         
   38 0000005C EAFFFFFE 
                       stop    B                stop
   39 00000060         
   40 00000060         
   41 00000060 00000000 
              00000000         AREA             TestData, DATA, READWRITE
   42 00000000         
   43 00000000 0000000A 
                       COUNT   DCD              10
   44 00000004 00000005 
              00000002 
              00000007 
              00000004 
              0000000D 
              00000004 
              00000012 
              00000008 
              00000009 
              0000000C VALUES  DCD              5, 2, 7, 4, 13, 4, 18, 8, 9, 12
   45 0000002C         
   46 0000002C         
   47 0000002C                 END
Command Line: --debug --xref --apcs=interwork --depend=.\unique.d -o.\unique.o 
-ID:\Keil\ARM\RV31\INC -ID:\Keil\ARM\CMSIS\Include -ID:\Keil\ARM\Inc\Philips --
predefine="__EVAL SETA 1" --predefine="__MICROLIB SETA 1" --predefine="NO_CLOCK
_SETUP SETA 1" --predefine="NO_EMC_SETUP SETA 1" --predefine="RAM_INTVEC SETA 1
" --predefine="RAM_MODE SETA 1" --predefine="REMAP SETA 1" --list=.\unique.lst 
Unique.s



ARM Macro Assembler    Page 1 Alphabetic symbol ordering
Relocatable symbols

Unique 00000000

Symbol: Unique
   Definitions
      At line 1 in file Unique.s
   Uses
      None
Comment: Unique unused
end 0000005C

Symbol: end
   Definitions
      At line 34 in file Unique.s
   Uses
      At line 31 in file Unique.s
Comment: end used once
endloop2 00000044

Symbol: endloop2
   Definitions
      At line 25 in file Unique.s
   Uses
      At line 23 in file Unique.s
Comment: endloop2 used once
endloopbadending 00000050

Symbol: endloopbadending
   Definitions
      At line 29 in file Unique.s
   Uses
      At line 21 in file Unique.s
Comment: endloopbadending used once
endloopgoodending 00000058

Symbol: endloopgoodending
   Definitions
      At line 32 in file Unique.s
   Uses
      At line 15 in file Unique.s
Comment: endloopgoodending used once
loop 00000010

Symbol: loop
   Definitions
      At line 10 in file Unique.s
   Uses
      At line 28 in file Unique.s
Comment: loop used once
loop2 00000024

Symbol: loop2
   Definitions
      At line 16 in file Unique.s
   Uses
      At line 24 in file Unique.s
Comment: loop2 used once
start 00000000

Symbol: start



ARM Macro Assembler    Page 2 Alphabetic symbol ordering
Relocatable symbols

   Definitions
      At line 5 in file Unique.s
   Uses
      At line 3 in file Unique.s
Comment: start used once
stop 0000005C

Symbol: stop
   Definitions
      At line 38 in file Unique.s
   Uses
      At line 38 in file Unique.s
Comment: stop used once
9 symbols



ARM Macro Assembler    Page 1 Alphabetic symbol ordering
Relocatable symbols

COUNT 00000000

Symbol: COUNT
   Definitions
      At line 43 in file Unique.s
   Uses
      At line 8 in file Unique.s
Comment: COUNT used once
TestData 00000000

Symbol: TestData
   Definitions
      At line 41 in file Unique.s
   Uses
      None
Comment: TestData unused
VALUES 00000004

Symbol: VALUES
   Definitions
      At line 44 in file Unique.s
   Uses
      At line 7 in file Unique.s
Comment: VALUES used once
3 symbols



ARM Macro Assembler    Page 1 Alphabetic symbol ordering
External symbols

main 00000000

Symbol: main
   Definitions
      At line 2 in file Unique.s
   Uses
      None
Comment: main unused
1 symbol
352 symbols in table
